<?xml version="1.0" encoding="UTF-8" standalone="no"?><testsuite errors="0" failures="0" name="Product - As a user I want to buying a product So that I have to select product" skipped="0" tests="4" time="38.99" timestamp="2023-05-08 06:03:39"><testcase name="As a user, I want to buy some product"/><testcase name="As a user, I want to see detail product"/><testcase name="As a user, I want to give rating the product"/><testcase name="As a user, I want to search for products by categories"/></testsuite>