<?xml version="1.0" encoding="UTF-8" standalone="no"?><testsuite errors="0" failures="0" name="Cart - As a user I want to pay for the product So that I have to check the cart to pay" skipped="0" tests="5" time="52.33" timestamp="2023-05-08 06:01:47"><testcase name="As a user, I want to add more product to the cart"/><testcase name="As a user, I want to pay the product"/><testcase name="As a user, I want to reduce the quantity of a product in the cart"/><testcase name="As a user, I want to delete product in the cart"/><testcase name="As a user, I want to see cart without login"/></testsuite>