<?xml version="1.0" encoding="UTF-8" standalone="no"?><testsuite errors="0" failures="0" name="Register - As a user I want to login So that I have to register account" skipped="0" tests="4" time="24.73" timestamp="2023-05-08 06:04:22"><testcase name="As a user, I register with valid data"/><testcase name="As a user, I register with registered email"/><testcase name="As a user, I register with a weak password"/><testcase name="As a user, I register without filling name or email or password field"/></testsuite>