<?xml version="1.0" encoding="UTF-8" standalone="no"?><testsuite errors="0" failures="0" name="Login - As a user I want to buy some product So that I have to login" skipped="0" tests="6" time="29.83" timestamp="2023-05-08 06:02:46"><testcase name="As a user, I login with valid email dan password"/><testcase name="As a user, I login with invalid email"/><testcase name="As a user, I login with invalid password"/><testcase name="As a user, I login without input email or password"/><testcase name="As a user, I login with invalid email and password"/><testcase name="As a user, I login without input email and password"/></testsuite>