<?xml version="1.0" encoding="UTF-8"?>
<testsuite xmlns:xsi="http://www.w3.org/2001/XMLSchema-instance" xsi:noNamespaceSchemaLocation="https://maven.apache.org/surefire/maven-failsafe-plugin/xsd/failsafe-test-report-3.0.xsd" version="3.0" name="CucumberTestSuite" time="1.23" tests="2" errors="2" skipped="0" failures="0">
  <properties>
[...]
</properties>
  <testcase name="As a user, I want to add more product to the cart" classname="Cart - As a user I want to pay for the product So that I have to check the cart to pay" time="0.213">
    <error type="io.cucumber.core.runner.DuplicateStepDefinitionException"><![CDATA[io.cucumber.core.runner.DuplicateStepDefinitionException: Duplicate step definitions in starter.stepdefinition.CartStep.userClickTheCart() and stepdefinition.CartSteps.userClickTheCart()
]]></error>
    <system-out><![CDATA[16:03:01.964 [main] DEBUG net.thucydides.core.guice.Injectors - Created injector for module net.thucydides.core.guice.ThucydidesModule
16:03:02.476 [main] DEBUG io.cucumber.core.plugin.SerenityReporter - Running feature from file:///C:/Users/user/Downloads/QE_Devi-Agustin-Utari/Mini%20Project/Source_Mini_Project/Web_Automation_AltaShop/src/test/resources/features/Cart.feature
16:03:02.719 [main] DEBUG net.thucydides.core.guice.Injectors - Created injector for module net.thucydides.core.guice.webdriver.WebDriverModule
16:03:02.753 [main] INFO  - 

-------------------------------------------------------------------------------------
     _______. _______ .______       _______ .__   __.  __  .___________.____    ____ 
    /       ||   ____||   _  \     |   ____||  \ |  | |  | |           |\   \  /   / 
   |   (----`|  |__   |  |_)  |    |  |__   |   \|  | |  | `---|  |----` \   \/   /  
    \   \    |   __|  |      /     |   __|  |  . `  | |  |     |  |       \_    _/   
.----)   |   |  |____ |  |\  \----.|  |____ |  |\   | |  |     |  |         |  |     
|_______/    |_______|| _| `._____||_______||__| \__| |__|     |__|         |__|    
                                                                                     
 News and tutorials at http://www.serenity-bdd.info                                  
 Documentation at https://wakaleo.gitbooks.io/the-serenity-book/content/             
 Join the Serenity Community on Gitter: https://gitter.im/serenity-bdd/serenity-core 
 Serenity BDD Support and Training at http://serenity-bdd.info/#/trainingandsupport  
-------------------------------------------------------------------------------------

16:03:02.757 [main] DEBUG net.thucydides.core.steps.StepEventBus - Test suite started for story net.thucydides.core.model.Story@95883f30
16:03:02.759 [main] INFO  - Test Suite Started: Cart - As a user I want to pay for the product So that I have to check the cart to pay
16:03:02.783 [main] DEBUG io.cucumber.core.plugin.SerenityReporter - Running feature from file:///C:/Users/user/Downloads/QE_Devi-Agustin-Utari/Mini%20Project/Source_Mini_Project/Web_Automation_AltaShop/src/test/resources/features/Login.feature
16:03:02.793 [main] DEBUG net.thucydides.core.steps.StepEventBus - Test suite started for story net.thucydides.core.model.Story@589864a6
16:03:02.794 [main] INFO  - Test Suite Started: Login - As a user I want to buy some product So that I have to login
16:03:02.794 [main] DEBUG io.cucumber.core.plugin.SerenityReporter - Running feature from file:///C:/Users/user/Downloads/QE_Devi-Agustin-Utari/Mini%20Project/Source_Mini_Project/Web_Automation_AltaShop/src/test/resources/features/Product.feature
16:03:02.805 [main] DEBUG net.thucydides.core.steps.StepEventBus - Test suite started for story net.thucydides.core.model.Story@af0a1d2a
16:03:02.806 [main] INFO  - Test Suite Started: Product - As a user I want to buying a product So that I have to select product
16:03:02.806 [main] DEBUG io.cucumber.core.plugin.SerenityReporter - Running feature from file:///C:/Users/user/Downloads/QE_Devi-Agustin-Utari/Mini%20Project/Source_Mini_Project/Web_Automation_AltaShop/src/test/resources/features/Register.feature
16:03:02.839 [main] DEBUG net.thucydides.core.steps.StepEventBus - Test suite started for story net.thucydides.core.model.Story@1ed4c400
16:03:02.840 [main] INFO  - Test Suite Started: Register - As a user I want to login So that I have to register account
16:03:02.842 [main] DEBUG io.cucumber.core.plugin.SerenityReporter - Running feature from file:///C:/Users/user/Downloads/QE_Devi-Agustin-Utari/Mini%20Project/Source_Mini_Project/Web_Automation_AltaShop/src/test/resources/features/Cart.feature
16:03:02.846 [main] DEBUG net.thucydides.core.steps.StepEventBus - Test suite started for story net.thucydides.core.model.Story@95883f30
16:03:02.848 [main] INFO  - Test Suite Started: Cart - As a user I want to pay for the product So that I have to check the cart to pay
]]></system-out>
  </testcase>
  <testcase name="" classname="CucumberTestSuite" time="1.23">
    <error type="org.junit.runner.notification.StoppedByUserException"><![CDATA[org.junit.runner.notification.StoppedByUserException
]]></error>
    <system-out><![CDATA[      &amp#27;[31mio.cucumber.core.runner.DuplicateStepDefinitionException: Duplicate step definitions in starter.stepdefinition.CartStep.userClickTheCart() and stepdefinition.CartSteps.userClickTheCart()
	at io.cucumber.core.runner.CachingGlue.lambda$prepareGlue$3(CachingGlue.java:278)
	at java.util.ArrayList.forEach(ArrayList.java:1259)
	at io.cucumber.core.runner.CachingGlue.prepareGlue(CachingGlue.java:272)
	at io.cucumber.core.runner.Runner.runPickle(Runner.java:72)
	at io.cucumber.junit.PickleRunners$NoStepDescriptions.lambda$run$0(PickleRunners.java:151)
	at io.cucumber.core.runtime.CucumberExecutionContext.lambda$runTestCase$5(CucumberExecutionContext.java:130)
	at io.cucumber.core.runtime.RethrowingThrowableCollector.executeAndThrow(RethrowingThrowableCollector.java:23)
	at io.cucumber.core.runtime.CucumberExecutionContext.runTestCase(CucumberExecutionContext.java:130)
	at io.cucumber.junit.PickleRunners$NoStepDescriptions.run(PickleRunners.java:148)
	at io.cucumber.junit.FeatureRunner.runChild(FeatureRunner.java:144)
	at io.cucumber.junit.FeatureRunner.runChild(FeatureRunner.java:28)
	at org.junit.runners.ParentRunner$4.run(ParentRunner.java:331)
	at org.junit.runners.ParentRunner$1.schedule(ParentRunner.java:79)
	at org.junit.runners.ParentRunner.runChildren(ParentRunner.java:329)
	at org.junit.runners.ParentRunner.access$100(ParentRunner.java:66)
	at org.junit.runners.ParentRunner$2.evaluate(ParentRunner.java:293)
	at org.junit.runners.ParentRunner$3.evaluate(ParentRunner.java:306)
	at org.junit.runners.ParentRunner.run(ParentRunner.java:413)
	at io.cucumber.junit.FeatureRunner.run(FeatureRunner.java:137)
	at io.cucumber.junit.CucumberSerenityBaseRunner.runChild(CucumberSerenityBaseRunner.java:330)
	at io.cucumber.junit.CucumberSerenityBaseRunner.runChild(CucumberSerenityBaseRunner.java:51)
	at org.junit.runners.ParentRunner$4.run(ParentRunner.java:331)
	at org.junit.runners.ParentRunner$1.schedule(ParentRunner.java:79)
	at org.junit.runners.ParentRunner.runChildren(ParentRunner.java:329)
	at org.junit.runners.ParentRunner.access$100(ParentRunner.java:66)
	at org.junit.runners.ParentRunner$2.evaluate(ParentRunner.java:293)
	at io.cucumber.junit.CucumberSerenityBaseRunner$RunCucumber.evaluate(CucumberSerenityBaseRunner.java:361)
	at org.junit.runners.ParentRunner$3.evaluate(ParentRunner.java:306)
	at org.junit.runners.ParentRunner.run(ParentRunner.java:413)
	at org.junit.runner.JUnitCore.run(JUnitCore.java:137)
	at org.junit.runner.JUnitCore.run(JUnitCore.java:115)
	at org.junit.vintage.engine.execution.RunnerExecutor.execute(RunnerExecutor.java:42)
	at org.junit.vintage.engine.VintageTestEngine.executeAllChildren(VintageTestEngine.java:80)
	at org.junit.vintage.engine.VintageTestEngine.execute(VintageTestEngine.java:72)
	at org.junit.platform.launcher.core.EngineExecutionOrchestrator.execute(EngineExecutionOrchestrator.java:107)
	at org.junit.platform.launcher.core.EngineExecutionOrchestrator.execute(EngineExecutionOrchestrator.java:88)
	at org.junit.platform.launcher.core.EngineExecutionOrchestrator.lambda$execute$0(EngineExecutionOrchestrator.java:54)
	at org.junit.platform.launcher.core.EngineExecutionOrchestrator.withInterceptedStreams(EngineExecutionOrchestrator.java:67)
	at org.junit.platform.launcher.core.EngineExecutionOrchestrator.execute(EngineExecutionOrchestrator.java:52)
	at org.junit.platform.launcher.core.DefaultLauncher.execute(DefaultLauncher.java:114)
	at org.junit.platform.launcher.core.DefaultLauncher.execute(DefaultLauncher.java:86)
	at org.junit.platform.launcher.core.DefaultLauncherSession$DelegatingLauncher.execute(DefaultLauncherSession.java:86)
	at org.junit.platform.launcher.core.SessionPerRequestLauncher.execute(SessionPerRequestLauncher.java:53)
	at org.apache.maven.surefire.junitplatform.JUnitPlatformProvider.execute(JUnitPlatformProvider.java:188)
	at org.apache.maven.surefire.junitplatform.JUnitPlatformProvider.invokeAllTests(JUnitPlatformProvider.java:154)
	at org.apache.maven.surefire.junitplatform.JUnitPlatformProvider.invoke(JUnitPlatformProvider.java:128)
	at org.apache.maven.surefire.booter.ForkedBooter.runSuitesInProcess(ForkedBooter.java:428)
	at org.apache.maven.surefire.booter.ForkedBooter.execute(ForkedBooter.java:162)
	at org.apache.maven.surefire.booter.ForkedBooter.run(ForkedBooter.java:562)
	at org.apache.maven.surefire.booter.ForkedBooter.main(ForkedBooter.java:548)
&amp#27;[0m
16:03:03.131 [main] DEBUG net.thucydides.core.reports.ReportService - Reporting formats: [JSON, HTML]
16:03:03.447 [main] DEBUG net.thucydides.core.reports.ReportService - Reporting formats: [JSON, HTML]
16:03:03.471 [main] DEBUG net.thucydides.core.reports.ReportService - Generating reports for 0 test outcomes using: net.thucydides.core.reports.json.JSONTestOutcomeReporter@48f5bde6
16:03:03.472 [main] DEBUG net.thucydides.core.reports.ReportService - Shutting down executor service
16:03:03.472 [main] DEBUG net.thucydides.core.reports.ReportService - Reports generated in: 0 ms
16:03:03.472 [main] DEBUG net.thucydides.core.reports.ReportService - Generating reports for 0 test outcomes using: net.thucydides.core.reports.html.HtmlAcceptanceTestReporter@79c4715d
16:03:03.472 [main] DEBUG net.thucydides.core.reports.ReportService - Shutting down executor service
16:03:03.472 [main] DEBUG net.thucydides.core.reports.ReportService - Reports generated in: 0 ms
]]></system-out>
    <system-err><![CDATA[&amp#27;[32m&amp#27;[1m┌───────────────────────────────────────────────────────────────────────────────────┐&amp#27;[0m
&amp#27;[32m&amp#27;[1m│&amp#27;[0m Share your Cucumber Report with your team at &amp#27;[36m&amp#27;[1m&amp#27;[4mhttps://reports.cucumber.io&amp#27;[0m          &amp#27;[32m&amp#27;[1m│&amp#27;[0m
&amp#27;[32m&amp#27;[1m│&amp#27;[0m Activate publishing with one of the following:                                    &amp#27;[32m&amp#27;[1m│&amp#27;[0m
&amp#27;[32m&amp#27;[1m│&amp#27;[0m                                                                                   &amp#27;[32m&amp#27;[1m│&amp#27;[0m
&amp#27;[32m&amp#27;[1m│&amp#27;[0m src/test/resources/cucumber.properties:          &amp#27;[36mcucumber.publish.enabled&amp#27;[0m=&amp#27;[36mtrue&amp#27;[0m    &amp#27;[32m&amp#27;[1m│&amp#27;[0m
&amp#27;[32m&amp#27;[1m│&amp#27;[0m src/test/resources/junit-platform.properties:    &amp#27;[36mcucumber.publish.enabled&amp#27;[0m=&amp#27;[36mtrue&amp#27;[0m    &amp#27;[32m&amp#27;[1m│&amp#27;[0m
&amp#27;[32m&amp#27;[1m│&amp#27;[0m Environment variable:                            &amp#27;[36mCUCUMBER_PUBLISH_ENABLED&amp#27;[0m=&amp#27;[36mtrue&amp#27;[0m    &amp#27;[32m&amp#27;[1m│&amp#27;[0m
&amp#27;[32m&amp#27;[1m│&amp#27;[0m JUnit:                                           &amp#27;[36m@CucumberOptions&amp#27;[0m(publish = &amp#27;[36mtrue&amp#27;[0m) &amp#27;[32m&amp#27;[1m│&amp#27;[0m
&amp#27;[32m&amp#27;[1m│&amp#27;[0m                                                                                   &amp#27;[32m&amp#27;[1m│&amp#27;[0m
&amp#27;[32m&amp#27;[1m│&amp#27;[0m More information at &amp#27;[36mhttps://cucumber.io/docs/cucumber/environment-variables/&amp#27;[0m      &amp#27;[32m&amp#27;[1m│&amp#27;[0m
&amp#27;[32m&amp#27;[1m│&amp#27;[0m                                                                                   &amp#27;[32m&amp#27;[1m│&amp#27;[0m
&amp#27;[32m&amp#27;[1m│&amp#27;[0m Disable this message with one of the following:                                   &amp#27;[32m&amp#27;[1m│&amp#27;[0m
&amp#27;[32m&amp#27;[1m│&amp#27;[0m                                                                                   &amp#27;[32m&amp#27;[1m│&amp#27;[0m
&amp#27;[32m&amp#27;[1m│&amp#27;[0m src/test/resources/cucumber.properties:          &amp#27;[36mcucumber.publish.quiet&amp#27;[0m=&amp#27;[36mtrue&amp#27;[0m      &amp#27;[32m&amp#27;[1m│&amp#27;[0m
&amp#27;[32m&amp#27;[1m│&amp#27;[0m src/test/resources/junit-platform.properties:    &amp#27;[36mcucumber.publish.quiet&amp#27;[0m=&amp#27;[36mtrue&amp#27;[0m      &amp#27;[32m&amp#27;[1m│&amp#27;[0m
&amp#27;[32m&amp#27;[1m└───────────────────────────────────────────────────────────────────────────────────┘&amp#27;[0m
]]></system-err>
  </testcase>
</testsuite>